TN:
SF:/home/abhay/Downloads/Logout-issue/dashboard-app/src/polyfills.ts
FNF:0
FNH:0
LF:0
LH:0
BRF:0
BRH:0
end_of_record
TN:
SF:/home/abhay/Downloads/Logout-issue/dashboard-app/src/test.ts
FNF:0
FNH:0
DA:18,1
DA:23,1
DA:25,1
LF:3
LH:3
BRF:0
BRH:0
end_of_record
TN:
SF:/home/abhay/Downloads/Logout-issue/dashboard-app/src/app/app.component.ts
FN:20,(anonymous_0)
FN:27,(anonymous_1)
FNF:2
FNH:0
FNDA:0,(anonymous_0)
FNDA:0,(anonymous_1)
DA:15,1
DA:16,0
DA:17,1
DA:18,0
DA:21,0
DA:22,0
DA:24,0
DA:32,0
DA:34,0
DA:35,0
DA:36,0
DA:37,0
LF:12
LH:2
BRF:0
BRH:0
end_of_record
TN:
SF:/home/abhay/Downloads/Logout-issue/dashboard-app/src/app/app.constants.ts
FNF:0
FNH:0
DA:1,1
LF:1
LH:1
BRF:0
BRH:0
end_of_record
TN:
SF:/home/abhay/Downloads/Logout-issue/dashboard-app/src/app/app.util.ts
FN:7,(anonymous_0)
FN:24,(anonymous_1)
FN:25,(anonymous_2)
FN:41,(anonymous_3)
FN:42,(anonymous_4)
FNF:5
FNH:4
FNDA:0,(anonymous_0)
FNDA:3,(anonymous_1)
FNDA:33,(anonymous_2)
FNDA:9,(anonymous_3)
FNDA:27,(anonymous_4)
DA:8,0
DA:9,0
DA:10,0
DA:11,0
DA:25,3
DA:26,33
DA:27,33
DA:28,33
DA:30,33
DA:33,0
DA:34,0
DA:36,0
DA:42,9
DA:43,27
DA:45,27
DA:49,0
DA:52,0
LF:17
LH:8
BRDA:10,0,0,0
BRDA:10,0,1,0
BRDA:28,1,0,33
BRDA:28,1,1,0
BRDA:28,2,0,33
BRDA:28,2,1,33
BRDA:33,3,0,0
BRDA:33,3,1,0
BRDA:43,4,0,27
BRDA:43,4,1,0
BRDA:52,5,0,0
BRDA:52,5,1,0
BRF:12
BRH:4
end_of_record
TN:
SF:/home/abhay/Downloads/Logout-issue/dashboard-app/src/app/components/dashboard/dashboard.component.ts
FN:24,(anonymous_0)
FN:26,(anonymous_1)
FNF:2
FNH:0
FNDA:0,(anonymous_0)
FNDA:0,(anonymous_1)
DA:10,1
DA:12,0
DA:24,0
DA:27,0
LF:4
LH:1
BRF:0
BRH:0
end_of_record
TN:
SF:/home/abhay/Downloads/Logout-issue/dashboard-app/src/app/components/shared/dynamic-form/dynamic-form.component.ts
FN:25,(anonymous_0)
FN:27,(anonymous_1)
FN:31,(anonymous_2)
FN:33,(anonymous_3)
FN:45,(anonymous_4)
FN:52,(anonymous_5)
FN:54,(anonymous_6)
FN:64,(anonymous_7)
FN:69,(anonymous_8)
FN:84,(anonymous_9)
FN:89,(anonymous_10)
FN:92,(anonymous_11)
FNF:12
FNH:8
FNDA:3,(anonymous_0)
FNDA:3,(anonymous_1)
FNDA:3,(anonymous_2)
FNDA:27,(anonymous_3)
FNDA:3,(anonymous_4)
FNDA:84,(anonymous_5)
FNDA:0,(anonymous_6)
FNDA:0,(anonymous_7)
FNDA:0,(anonymous_8)
FNDA:0,(anonymous_9)
FNDA:24,(anonymous_10)
FNDA:69,(anonymous_11)
DA:11,1
DA:13,1
DA:14,1
DA:16,3
DA:19,3
DA:20,3
DA:21,3
DA:22,3
DA:28,3
DA:32,3
DA:33,3
DA:34,27
DA:35,24
DA:36,24
DA:37,24
DA:38,3
DA:42,3
DA:43,3
DA:44,3
DA:45,3
DA:46,3
DA:52,84
DA:55,0
DA:57,0
DA:58,0
DA:60,0
DA:61,0
DA:65,0
DA:66,0
DA:70,0
DA:85,0
DA:86,0
DA:90,24
DA:92,24
DA:93,69
DA:94,15
DA:96,3
DA:97,3
DA:99,6
DA:100,6
DA:102,0
DA:103,0
DA:105,0
DA:106,0
DA:108,0
DA:109,0
DA:112,6
DA:117,24
LF:48
LH:32
BRDA:34,0,0,24
BRDA:34,0,1,3
BRDA:34,1,0,27
BRDA:34,1,1,24
BRDA:37,2,0,3
BRDA:37,2,1,21
BRDA:37,3,0,0
BRDA:37,3,1,24
BRDA:37,4,0,24
BRDA:37,4,1,24
BRDA:38,5,0,0
BRDA:38,5,1,3
BRDA:38,6,0,3
BRDA:38,6,1,3
BRDA:43,7,0,3
BRDA:43,7,1,0
BRDA:57,8,0,0
BRDA:57,8,1,0
BRDA:93,9,0,15
BRDA:93,9,1,54
BRDA:95,10,0,3
BRDA:95,10,1,6
BRDA:95,10,2,0
BRDA:95,10,3,0
BRDA:95,10,4,0
BRDA:95,10,5,6
BRF:26
BRH:18
end_of_record
TN:
SF:/home/abhay/Downloads/Logout-issue/dashboard-app/src/app/components/shared/loader/loader.component.ts
FN:11,(anonymous_0)
FNF:1
FNH:0
FNDA:0,(anonymous_0)
DA:9,1
DA:11,0
LF:2
LH:1
BRF:0
BRH:0
end_of_record
TN:
SF:/home/abhay/Downloads/Logout-issue/dashboard-app/src/app/components/tabination/tabination.component.ts
FN:43,(anonymous_0)
FN:63,(anonymous_1)
FN:64,(anonymous_2)
FN:86,(anonymous_3)
FN:89,(anonymous_4)
FN:91,(anonymous_5)
FNF:6
FNH:0
FNDA:0,(anonymous_0)
FNDA:0,(anonymous_1)
FNDA:0,(anonymous_2)
FNDA:0,(anonymous_3)
FNDA:0,(anonymous_4)
FNDA:0,(anonymous_5)
DA:13,1
DA:17,0
DA:45,0
DA:62,0
DA:63,0
DA:65,0
DA:91,0
LF:7
LH:1
BRF:0
BRH:0
end_of_record
TN:
SF:/home/abhay/Downloads/Logout-issue/dashboard-app/src/app/components/transfers/add-payee/add-payee.component.ts
FN:306,(anonymous_0)
FN:313,(anonymous_1)
FN:316,(anonymous_2)
FN:326,(anonymous_3)
FN:330,(anonymous_4)
FN:344,(anonymous_5)
FN:353,(anonymous_6)
FNF:7
FNH:6
FNDA:3,(anonymous_0)
FNDA:3,(anonymous_1)
FNDA:27,(anonymous_2)
FNDA:0,(anonymous_3)
FNDA:1,(anonymous_4)
FNDA:1,(anonymous_5)
FNDA:2,(anonymous_6)
DA:16,1
DA:18,3
DA:304,3
DA:307,3
DA:308,3
DA:309,3
DA:310,3
DA:314,3
DA:315,3
DA:316,3
DA:317,27
DA:318,3
DA:323,3
DA:327,0
DA:331,1
DA:342,1
DA:345,1
DA:346,1
DA:347,1
DA:355,2
LF:20
LH:19
BRDA:314,0,0,0
BRDA:314,0,1,3
BRDA:314,1,0,3
BRDA:314,1,1,3
BRDA:315,2,0,3
BRDA:315,2,1,0
BRDA:317,3,0,3
BRDA:317,3,1,24
BRDA:345,4,0,1
BRDA:345,4,1,0
BRDA:345,5,0,0
BRDA:345,5,1,1
BRDA:345,6,0,1
BRDA:345,6,1,1
BRF:14
BRH:10
end_of_record
TN:
SF:/home/abhay/Downloads/Logout-issue/dashboard-app/src/app/components/transfers/fund-transfer/fund-transfer.component.ts
FN:42,(anonymous_0)
FN:46,(anonymous_1)
FN:54,(anonymous_2)
FN:60,(anonymous_3)
FN:69,(anonymous_4)
FN:76,(anonymous_5)
FN:87,(anonymous_6)
FN:89,(anonymous_7)
FN:94,(anonymous_8)
FNF:9
FNH:0
FNDA:0,(anonymous_0)
FNDA:0,(anonymous_1)
FNDA:0,(anonymous_2)
FNDA:0,(anonymous_3)
FNDA:0,(anonymous_4)
FNDA:0,(anonymous_5)
FNDA:0,(anonymous_6)
FNDA:0,(anonymous_7)
FNDA:0,(anonymous_8)
DA:13,1
DA:17,0
DA:26,0
DA:37,0
DA:38,0
DA:39,0
DA:43,0
DA:47,0
DA:48,0
DA:51,0
DA:54,0
DA:57,0
DA:60,0
DA:70,0
DA:71,0
DA:72,0
DA:73,0
DA:75,0
DA:77,0
DA:78,0
DA:88,0
DA:89,0
DA:90,0
DA:91,0
DA:95,0
LF:25
LH:1
BRDA:71,0,0,0
BRDA:71,0,1,0
BRF:2
BRH:0
end_of_record
TN:
SF:/home/abhay/Downloads/Logout-issue/dashboard-app/src/app/components/transfers/neft-transfer/neft-transfer.component.ts
FN:21,(anonymous_0)
FN:183,(anonymous_1)
FN:188,(anonymous_2)
FN:200,(anonymous_3)
FN:202,(anonymous_4)
FN:204,(anonymous_5)
FN:211,(anonymous_6)
FN:228,(anonymous_7)
FN:234,(anonymous_8)
FN:238,(anonymous_9)
FNF:10
FNH:0
FNDA:0,(anonymous_0)
FNDA:0,(anonymous_1)
FNDA:0,(anonymous_2)
FNDA:0,(anonymous_3)
FNDA:0,(anonymous_4)
FNDA:0,(anonymous_5)
FNDA:0,(anonymous_6)
FNDA:0,(anonymous_7)
FNDA:0,(anonymous_8)
FNDA:0,(anonymous_9)
DA:16,1
DA:22,0
DA:23,0
DA:24,0
DA:25,0
DA:26,0
DA:29,0
DA:184,0
DA:188,0
DA:189,0
DA:192,0
DA:200,0
DA:203,0
DA:204,0
DA:205,0
DA:206,0
DA:212,0
DA:226,0
DA:229,0
DA:235,0
DA:239,0
LF:21
LH:1
BRDA:213,0,0,0
BRDA:213,0,1,0
BRDA:214,1,0,0
BRDA:214,1,1,0
BRDA:215,2,0,0
BRDA:215,2,1,0
BRDA:217,3,0,0
BRDA:217,3,1,0
BRDA:218,4,0,0
BRDA:218,4,1,0
BRDA:219,5,0,0
BRDA:219,5,1,0
BRDA:220,6,0,0
BRDA:220,6,1,0
BRDA:221,7,0,0
BRDA:221,7,1,0
BRDA:222,8,0,0
BRDA:222,8,1,0
BRDA:223,9,0,0
BRDA:223,9,1,0
BRDA:229,10,0,0
BRDA:229,10,1,0
BRDA:235,11,0,0
BRDA:235,11,1,0
BRDA:235,12,0,0
BRDA:235,12,1,0
BRF:26
BRH:0
end_of_record
TN:
SF:/home/abhay/Downloads/Logout-issue/dashboard-app/src/app/components/transfers/other-bank-account/other-bank-account.component.ts
FN:10,(anonymous_0)
FN:12,(anonymous_1)
FNF:2
FNH:0
FNDA:0,(anonymous_0)
FNDA:0,(anonymous_1)
DA:8,1
LF:1
LH:1
BRF:0
BRH:0
end_of_record
TN:
SF:/home/abhay/Downloads/Logout-issue/dashboard-app/src/app/core/services/authentication.service.ts
FN:16,(anonymous_0)
FN:25,(anonymous_1)
FN:32,(anonymous_2)
FN:39,(anonymous_3)
FN:44,(anonymous_4)
FN:48,(anonymous_5)
FNF:6
FNH:2
FNDA:3,(anonymous_0)
FNDA:0,(anonymous_1)
FNDA:0,(anonymous_2)
FNDA:0,(anonymous_3)
FNDA:0,(anonymous_4)
FNDA:2,(anonymous_5)
DA:10,1
DA:12,3
DA:13,3
DA:14,3
DA:17,3
DA:26,0
DA:33,0
DA:40,0
DA:45,0
DA:49,2
LF:10
LH:6
BRF:0
BRH:0
end_of_record
TN:
SF:/home/abhay/Downloads/Logout-issue/dashboard-app/src/app/core/services/data-service.ts
FN:11,(anonymous_0)
FN:15,(anonymous_1)
FNF:2
FNH:2
FNDA:3,(anonymous_0)
FNDA:1,(anonymous_1)
DA:7,1
DA:8,3
DA:13,3
DA:16,1
LF:4
LH:4
BRF:0
BRH:0
end_of_record
TN:
SF:/home/abhay/Downloads/Logout-issue/dashboard-app/src/app/core/services/http.service.ts
FN:14,(anonymous_0)
FN:16,(anonymous_1)
FN:20,(anonymous_2)
FN:26,(anonymous_3)
FN:32,(anonymous_4)
FN:39,(anonymous_5)
FNF:6
FNH:1
FNDA:3,(anonymous_0)
FNDA:0,(anonymous_1)
FNDA:0,(anonymous_2)
FNDA:0,(anonymous_3)
FNDA:0,(anonymous_4)
FNDA:0,(anonymous_5)
DA:11,1
DA:12,3
DA:14,3
DA:17,0
DA:21,0
DA:27,0
DA:33,0
DA:40,0
LF:8
LH:3
BRDA:20,0,0,0
BRDA:26,1,0,0
BRDA:32,2,0,0
BRDA:39,3,0,0
BRF:4
BRH:0
end_of_record
TN:
SF:/home/abhay/Downloads/Logout-issue/dashboard-app/src/app/core/services/loader.service.ts
FN:10,(anonymous_0)
FN:12,(anonymous_1)
FN:16,(anonymous_2)
FNF:3
FNH:0
FNDA:0,(anonymous_0)
FNDA:0,(anonymous_1)
FNDA:0,(anonymous_2)
DA:6,1
DA:8,0
DA:13,0
DA:17,0
LF:4
LH:1
BRF:0
BRH:0
end_of_record
TN:
SF:/home/abhay/Downloads/Logout-issue/dashboard-app/src/app/core/services/toast-message.service.ts
FN:9,(anonymous_0)
FN:11,(anonymous_1)
FNF:2
FNH:0
FNDA:0,(anonymous_0)
FNDA:0,(anonymous_1)
DA:7,1
DA:9,0
DA:12,0
LF:3
LH:1
BRF:0
BRH:0
end_of_record
TN:
SF:/home/abhay/Downloads/Logout-issue/dashboard-app/src/environments/environment.ts
FNF:0
FNH:0
DA:5,1
LF:1
LH:1
BRF:0
BRH:0
end_of_record
